<?xml version="1.0" encoding="UTF-8"?>
<testsuite xmlns:xsi="http://www.w3.org/2001/XMLSchema-instance" xsi:noNamespaceSchemaLocation="https://maven.apache.org/surefire/maven-surefire-plugin/xsd/surefire-test-report.xsd" name="com.mycompany.app.AppTest" time="0.181" tests="1" errors="0" skipped="0" failures="0">
  <properties>
    <property name="java.specification.version" value="20"/>
    <property name="sun.jnu.encoding" value="UTF-8"/>
    <property name="java.class.path" value="/workspaces/javademo/my-app/target/test-classes:/workspaces/javademo/my-app/target/classes:/root/.m2/repository/junit/junit/4.11/junit-4.11.jar:/root/.m2/repository/org/hamcrest/hamcrest-core/1.3/hamcrest-core-1.3.jar:/root/.m2/repository/io/fabric8/kubernetes-client/6.7.0/kubernetes-client-6.7.0.jar:/root/.m2/repository/io/fabric8/kubernetes-client-api/6.7.0/kubernetes-client-api-6.7.0.jar:/root/.m2/repository/io/fabric8/kubernetes-model-core/6.7.0/kubernetes-model-core-6.7.0.jar:/root/.m2/repository/io/fabric8/kubernetes-model-common/6.7.0/kubernetes-model-common-6.7.0.jar:/root/.m2/repository/com/fasterxml/jackson/core/jackson-annotations/2.15.2/jackson-annotations-2.15.2.jar:/root/.m2/repository/io/fabric8/kubernetes-model-gatewayapi/6.7.0/kubernetes-model-gatewayapi-6.7.0.jar:/root/.m2/repository/io/fabric8/kubernetes-model-resource/6.7.0/kubernetes-model-resource-6.7.0.jar:/root/.m2/repository/io/fabric8/kubernetes-model-rbac/6.7.0/kubernetes-model-rbac-6.7.0.jar:/root/.m2/repository/io/fabric8/kubernetes-model-admissionregistration/6.7.0/kubernetes-model-admissionregistration-6.7.0.jar:/root/.m2/repository/io/fabric8/kubernetes-model-apps/6.7.0/kubernetes-model-apps-6.7.0.jar:/root/.m2/repository/io/fabric8/kubernetes-model-autoscaling/6.7.0/kubernetes-model-autoscaling-6.7.0.jar:/root/.m2/repository/io/fabric8/kubernetes-model-apiextensions/6.7.0/kubernetes-model-apiextensions-6.7.0.jar:/root/.m2/repository/io/fabric8/kubernetes-model-batch/6.7.0/kubernetes-model-batch-6.7.0.jar:/root/.m2/repository/io/fabric8/kubernetes-model-certificates/6.7.0/kubernetes-model-certificates-6.7.0.jar:/root/.m2/repository/io/fabric8/kubernetes-model-coordination/6.7.0/kubernetes-model-coordination-6.7.0.jar:/root/.m2/repository/io/fabric8/kubernetes-model-discovery/6.7.0/kubernetes-model-discovery-6.7.0.jar:/root/.m2/repository/io/fabric8/kubernetes-model-events/6.7.0/kubernetes-model-events-6.7.0.jar:/root/.m2/repository/io/fabric8/kubernetes-model-extensions/6.7.0/kubernetes-model-extensions-6.7.0.jar:/root/.m2/repository/io/fabric8/kubernetes-model-flowcontrol/6.7.0/kubernetes-model-flowcontrol-6.7.0.jar:/root/.m2/repository/io/fabric8/kubernetes-model-networking/6.7.0/kubernetes-model-networking-6.7.0.jar:/root/.m2/repository/io/fabric8/kubernetes-model-metrics/6.7.0/kubernetes-model-metrics-6.7.0.jar:/root/.m2/repository/io/fabric8/kubernetes-model-policy/6.7.0/kubernetes-model-policy-6.7.0.jar:/root/.m2/repository/io/fabric8/kubernetes-model-scheduling/6.7.0/kubernetes-model-scheduling-6.7.0.jar:/root/.m2/repository/io/fabric8/kubernetes-model-storageclass/6.7.0/kubernetes-model-storageclass-6.7.0.jar:/root/.m2/repository/io/fabric8/kubernetes-model-node/6.7.0/kubernetes-model-node-6.7.0.jar:/root/.m2/repository/org/slf4j/slf4j-api/1.7.36/slf4j-api-1.7.36.jar:/root/.m2/repository/org/snakeyaml/snakeyaml-engine/2.6/snakeyaml-engine-2.6.jar:/root/.m2/repository/com/fasterxml/jackson/dataformat/jackson-dataformat-yaml/2.15.2/jackson-dataformat-yaml-2.15.2.jar:/root/.m2/repository/org/yaml/snakeyaml/2.0/snakeyaml-2.0.jar:/root/.m2/repository/com/fasterxml/jackson/datatype/jackson-datatype-jsr310/2.15.2/jackson-datatype-jsr310-2.15.2.jar:/root/.m2/repository/com/fasterxml/jackson/core/jackson-databind/2.15.2/jackson-databind-2.15.2.jar:/root/.m2/repository/com/fasterxml/jackson/core/jackson-core/2.15.2/jackson-core-2.15.2.jar:/root/.m2/repository/io/fabric8/kubernetes-httpclient-okhttp/6.7.0/kubernetes-httpclient-okhttp-6.7.0.jar:/root/.m2/repository/com/squareup/okhttp3/okhttp/3.12.12/okhttp-3.12.12.jar:/root/.m2/repository/com/squareup/okio/okio/1.15.0/okio-1.15.0.jar:/root/.m2/repository/com/squareup/okhttp3/logging-interceptor/3.12.12/logging-interceptor-3.12.12.jar:/root/.m2/repository/io/fabric8/zjsonpatch/0.3.0/zjsonpatch-0.3.0.jar:"/>
    <property name="java.vm.vendor" value="Eclipse Adoptium"/>
    <property name="sun.arch.data.model" value="64"/>
    <property name="java.vendor.url" value="https://adoptium.net/"/>
    <property name="os.name" value="Linux"/>
    <property name="java.vm.specification.version" value="20"/>
    <property name="sun.java.launcher" value="SUN_STANDARD"/>
    <property name="user.country" value="US"/>
    <property name="sun.boot.library.path" value="/opt/java/openjdk/lib"/>
    <property name="sun.java.command" value="/workspaces/javademo/my-app/target/surefire/surefirebooter9773663513962149744.jar /workspaces/javademo/my-app/target/surefire 2023-06-09T20-55-32_266-jvmRun1 surefire11442170322476279522tmp surefire_015953732323998516763tmp"/>
    <property name="jdk.debug" value="release"/>
    <property name="surefire.test.class.path" value="/workspaces/javademo/my-app/target/test-classes:/workspaces/javademo/my-app/target/classes:/root/.m2/repository/junit/junit/4.11/junit-4.11.jar:/root/.m2/repository/org/hamcrest/hamcrest-core/1.3/hamcrest-core-1.3.jar:/root/.m2/repository/io/fabric8/kubernetes-client/6.7.0/kubernetes-client-6.7.0.jar:/root/.m2/repository/io/fabric8/kubernetes-client-api/6.7.0/kubernetes-client-api-6.7.0.jar:/root/.m2/repository/io/fabric8/kubernetes-model-core/6.7.0/kubernetes-model-core-6.7.0.jar:/root/.m2/repository/io/fabric8/kubernetes-model-common/6.7.0/kubernetes-model-common-6.7.0.jar:/root/.m2/repository/com/fasterxml/jackson/core/jackson-annotations/2.15.2/jackson-annotations-2.15.2.jar:/root/.m2/repository/io/fabric8/kubernetes-model-gatewayapi/6.7.0/kubernetes-model-gatewayapi-6.7.0.jar:/root/.m2/repository/io/fabric8/kubernetes-model-resource/6.7.0/kubernetes-model-resource-6.7.0.jar:/root/.m2/repository/io/fabric8/kubernetes-model-rbac/6.7.0/kubernetes-model-rbac-6.7.0.jar:/root/.m2/repository/io/fabric8/kubernetes-model-admissionregistration/6.7.0/kubernetes-model-admissionregistration-6.7.0.jar:/root/.m2/repository/io/fabric8/kubernetes-model-apps/6.7.0/kubernetes-model-apps-6.7.0.jar:/root/.m2/repository/io/fabric8/kubernetes-model-autoscaling/6.7.0/kubernetes-model-autoscaling-6.7.0.jar:/root/.m2/repository/io/fabric8/kubernetes-model-apiextensions/6.7.0/kubernetes-model-apiextensions-6.7.0.jar:/root/.m2/repository/io/fabric8/kubernetes-model-batch/6.7.0/kubernetes-model-batch-6.7.0.jar:/root/.m2/repository/io/fabric8/kubernetes-model-certificates/6.7.0/kubernetes-model-certificates-6.7.0.jar:/root/.m2/repository/io/fabric8/kubernetes-model-coordination/6.7.0/kubernetes-model-coordination-6.7.0.jar:/root/.m2/repository/io/fabric8/kubernetes-model-discovery/6.7.0/kubernetes-model-discovery-6.7.0.jar:/root/.m2/repository/io/fabric8/kubernetes-model-events/6.7.0/kubernetes-model-events-6.7.0.jar:/root/.m2/repository/io/fabric8/kubernetes-model-extensions/6.7.0/kubernetes-model-extensions-6.7.0.jar:/root/.m2/repository/io/fabric8/kubernetes-model-flowcontrol/6.7.0/kubernetes-model-flowcontrol-6.7.0.jar:/root/.m2/repository/io/fabric8/kubernetes-model-networking/6.7.0/kubernetes-model-networking-6.7.0.jar:/root/.m2/repository/io/fabric8/kubernetes-model-metrics/6.7.0/kubernetes-model-metrics-6.7.0.jar:/root/.m2/repository/io/fabric8/kubernetes-model-policy/6.7.0/kubernetes-model-policy-6.7.0.jar:/root/.m2/repository/io/fabric8/kubernetes-model-scheduling/6.7.0/kubernetes-model-scheduling-6.7.0.jar:/root/.m2/repository/io/fabric8/kubernetes-model-storageclass/6.7.0/kubernetes-model-storageclass-6.7.0.jar:/root/.m2/repository/io/fabric8/kubernetes-model-node/6.7.0/kubernetes-model-node-6.7.0.jar:/root/.m2/repository/org/slf4j/slf4j-api/1.7.36/slf4j-api-1.7.36.jar:/root/.m2/repository/org/snakeyaml/snakeyaml-engine/2.6/snakeyaml-engine-2.6.jar:/root/.m2/repository/com/fasterxml/jackson/dataformat/jackson-dataformat-yaml/2.15.2/jackson-dataformat-yaml-2.15.2.jar:/root/.m2/repository/org/yaml/snakeyaml/2.0/snakeyaml-2.0.jar:/root/.m2/repository/com/fasterxml/jackson/datatype/jackson-datatype-jsr310/2.15.2/jackson-datatype-jsr310-2.15.2.jar:/root/.m2/repository/com/fasterxml/jackson/core/jackson-databind/2.15.2/jackson-databind-2.15.2.jar:/root/.m2/repository/com/fasterxml/jackson/core/jackson-core/2.15.2/jackson-core-2.15.2.jar:/root/.m2/repository/io/fabric8/kubernetes-httpclient-okhttp/6.7.0/kubernetes-httpclient-okhttp-6.7.0.jar:/root/.m2/repository/com/squareup/okhttp3/okhttp/3.12.12/okhttp-3.12.12.jar:/root/.m2/repository/com/squareup/okio/okio/1.15.0/okio-1.15.0.jar:/root/.m2/repository/com/squareup/okhttp3/logging-interceptor/3.12.12/logging-interceptor-3.12.12.jar:/root/.m2/repository/io/fabric8/zjsonpatch/0.3.0/zjsonpatch-0.3.0.jar:"/>
    <property name="sun.cpu.endian" value="little"/>
    <property name="user.home" value="/root"/>
    <property name="user.language" value="en"/>
    <property name="java.specification.vendor" value="Oracle Corporation"/>
    <property name="java.version.date" value="2023-04-18"/>
    <property name="java.home" value="/opt/java/openjdk"/>
    <property name="file.separator" value="/"/>
    <property name="basedir" value="/workspaces/javademo/my-app"/>
    <property name="java.vm.compressedOopsMode" value="Zero based"/>
    <property name="line.separator" value="&#10;"/>
    <property name="java.specification.name" value="Java Platform API Specification"/>
    <property name="java.vm.specification.vendor" value="Oracle Corporation"/>
    <property name="surefire.real.class.path" value="/workspaces/javademo/my-app/target/surefire/surefirebooter9773663513962149744.jar"/>
    <property name="sun.management.compiler" value="HotSpot 64-Bit Tiered Compilers"/>
    <property name="java.runtime.version" value="20.0.1+9"/>
    <property name="user.name" value="root"/>
    <property name="stdout.encoding" value="UTF-8"/>
    <property name="path.separator" value=":"/>
    <property name="os.version" value="5.15.90.1-microsoft-standard-WSL2"/>
    <property name="java.runtime.name" value="OpenJDK Runtime Environment"/>
    <property name="file.encoding" value="UTF-8"/>
    <property name="java.vm.name" value="OpenJDK 64-Bit Server VM"/>
    <property name="java.vendor.version" value="Temurin-20.0.1+9"/>
    <property name="localRepository" value="/root/.m2/repository"/>
    <property name="java.vendor.url.bug" value="https://github.com/adoptium/adoptium-support/issues"/>
    <property name="java.io.tmpdir" value="/tmp"/>
    <property name="java.version" value="20.0.1"/>
    <property name="user.dir" value="/workspaces/javademo/my-app"/>
    <property name="os.arch" value="amd64"/>
    <property name="java.vm.specification.name" value="Java Virtual Machine Specification"/>
    <property name="native.encoding" value="UTF-8"/>
    <property name="java.library.path" value="/usr/java/packages/lib:/usr/lib64:/lib64:/lib:/usr/lib"/>
    <property name="java.vm.info" value="mixed mode, sharing"/>
    <property name="stderr.encoding" value="UTF-8"/>
    <property name="java.vendor" value="Eclipse Adoptium"/>
    <property name="java.vm.version" value="20.0.1+9"/>
    <property name="sun.io.unicode.encoding" value="UnicodeLittle"/>
    <property name="java.class.version" value="64.0"/>
  </properties>
  <testcase name="shouldAnswerWithTrue" classname="com.mycompany.app.AppTest" time="0.007"/>
</testsuite>